0 info it worked if it ends with ok
1 verbose cli [ 'C:\\Program Files\\nodejs\\node.exe',
1 verbose cli   'C:\\Users\\Patric\\AppData\\Roaming\\npm\\node_modules\\npm\\bin\\npm-cli.js',
1 verbose cli   'run',
1 verbose cli   'test' ]
2 info using npm@3.10.7
3 info using node@v6.5.0
4 verbose run-script [ 'pretest', 'test', 'posttest' ]
5 info lifecycle atomic-docs-master@1.0.0~pretest: atomic-docs-master@1.0.0
6 silly lifecycle atomic-docs-master@1.0.0~pretest: no script for pretest, continuing
7 info lifecycle atomic-docs-master@1.0.0~test: atomic-docs-master@1.0.0
8 verbose lifecycle atomic-docs-master@1.0.0~test: unsafe-perm in lifecycle true
9 verbose lifecycle atomic-docs-master@1.0.0~test: PATH: C:\Users\Patric\AppData\Roaming\npm\node_modules\npm\bin\node-gyp-bin;c:\xampp\htdocs\atomic-docs-master\node_modules\.bin;C:\ProgramData\Oracle\Java\javapath;C:\Program Files (x86)\Lenovo\FusionEngine;C:\Program Files (x86)\Intel\iCLS Client\;C:\Program Files\Intel\iCLS Client\;C:\WINDOWS\system32;C:\WINDOWS;C:\WINDOWS\System32\Wbem;C:\WINDOWS\System32\WindowsPowerShell\v1.0\;C:\Program Files (x86)\ATI Technologies\ATI.ACE\Core-Static;C:\Program Files\Intel\Intel(R) Management Engine Components\DAL;C:\Program Files\Intel\Intel(R) Management Engine Components\IPT;C:\Program Files (x86)\Intel\Intel(R) Management Engine Components\DAL;C:\Program Files (x86)\Intel\Intel(R) Management Engine Components\IPT;C:\Program Files (x86)\Common Files\lenovo\easyplussdk\bin;C:\Program Files (x86)\Brackets\command;C:\Program Files (x86)\Skype\Phone\;C:\xampp\php;C:\ProgramData\ComposerSetup\bin;C:\WINDOWS\system32\config\systemprofile\.dnx\bin;C:\Program Files\Microsoft DNX\Dnvm\;C:\Program Files (x86)\Windows Kits\8.1\Windows Performance Toolkit\;C:\Program Files\Microsoft SQL Server\130\Tools\Binn\;C:\Program Files\nodejs\;C:\ProgramData\chocolatey\bin;C:\Program Files (x86)\Windows Kits\10\Windows Performance Toolkit\;C:\Users\Patric\AppData\Local\atom\bin;C:\Users\Patric\AppData\Local\Programs\Git\cmd;C:\Program Files\Microsoft VS Code\bin;C:\Users\Patric\AppData\Roaming\Composer\vendor\bin;C:\Python27;C:\Python27\Scripts;C:\Users\Patric\AppData\Local\Microsoft\WindowsApps;C:\Users\Patric\AppData\Roaming\npm
10 verbose lifecycle atomic-docs-master@1.0.0~test: CWD: c:\xampp\htdocs\atomic-docs-master
11 silly lifecycle atomic-docs-master@1.0.0~test: Args: [ '/d /s /c', 'cd node_modules/backstopjs && npm run test' ]
12 silly lifecycle atomic-docs-master@1.0.0~test: Returned: code: 1  signal: null
13 info lifecycle atomic-docs-master@1.0.0~test: Failed to exec test script
14 verbose stack Error: atomic-docs-master@1.0.0 test: `cd node_modules/backstopjs && npm run test`
14 verbose stack Exit status 1
14 verbose stack     at EventEmitter.<anonymous> (C:\Users\Patric\AppData\Roaming\npm\node_modules\npm\lib\utils\lifecycle.js:255:16)
14 verbose stack     at emitTwo (events.js:106:13)
14 verbose stack     at EventEmitter.emit (events.js:191:7)
14 verbose stack     at ChildProcess.<anonymous> (C:\Users\Patric\AppData\Roaming\npm\node_modules\npm\lib\utils\spawn.js:40:14)
14 verbose stack     at emitTwo (events.js:106:13)
14 verbose stack     at ChildProcess.emit (events.js:191:7)
14 verbose stack     at maybeClose (internal/child_process.js:877:16)
14 verbose stack     at Process.ChildProcess._handle.onexit (internal/child_process.js:226:5)
15 verbose pkgid atomic-docs-master@1.0.0
16 verbose cwd c:\xampp\htdocs\atomic-docs-master
17 error Windows_NT 10.0.14393
18 error argv "C:\\Program Files\\nodejs\\node.exe" "C:\\Users\\Patric\\AppData\\Roaming\\npm\\node_modules\\npm\\bin\\npm-cli.js" "run" "test"
19 error node v6.5.0
20 error npm  v3.10.7
21 error code ELIFECYCLE
22 error atomic-docs-master@1.0.0 test: `cd node_modules/backstopjs && npm run test`
22 error Exit status 1
23 error Failed at the atomic-docs-master@1.0.0 test script 'cd node_modules/backstopjs && npm run test'.
23 error Make sure you have the latest version of node.js and npm installed.
23 error If you do, this is most likely a problem with the atomic-docs-master package,
23 error not with npm itself.
23 error Tell the author that this fails on your system:
23 error     cd node_modules/backstopjs && npm run test
23 error You can get information on how to open an issue for this project with:
23 error     npm bugs atomic-docs-master
23 error Or if that isn't available, you can get their info via:
23 error     npm owner ls atomic-docs-master
23 error There is likely additional logging output above.
24 verbose exit [ 1, true ]
